C:\MAKEFILE\SC\GC_PART1__ONCE_HEX_INFILE_2\DEBUG\MAKE_SC.BSC
C:\MAKEFILE\SC\GC_PART1__ONCE_HEX_INFILE_2\DEBUG\MAKE_SC.SBR
C:\MAKEFILE\SC\GC_PART1__ONCE_HEX_INFILE_2\DEBUG\MAKE_SC.OBJ
C:\MAKEFILE\SC\GC_PART1__ONCE_HEX_INFILE_2\DEBUG\VC110.PDB
C:\MAKEFILE\SC\GC_PART1__ONCE_HEX_INFILE_2\DEBUG\MAKE_SC.ILK
C:\MAKEFILE\SC\GC_PART1__ONCE_HEX_INFILE_2\DEBUG\MAKE_SC.EXE
C:\MAKEFILE\SC\GC_PART1__ONCE_HEX_INFILE_2\DEBUG\MAKE_SC.PDB
C:\makefile\sc\GC_part1__once_hex_infile_2\Debug\make_sc.obj
C:\makefile\sc\GC_part1__once_hex_infile_2\Debug\make_sc.ilk
C:\makefile\sc\GC_part1__once_hex_infile_2\Debug\BscMake.command.1.tlog
C:\makefile\sc\GC_part1__once_hex_infile_2\Debug\bscmake.read.1.tlog
C:\makefile\sc\GC_part1__once_hex_infile_2\Debug\bscmake.write.1.tlog
C:\makefile\sc\GC_part1__once_hex_infile_2\Debug\cl.command.1.tlog
C:\makefile\sc\GC_part1__once_hex_infile_2\Debug\CL.read.1.tlog
C:\makefile\sc\GC_part1__once_hex_infile_2\Debug\CL.write.1.tlog
C:\makefile\sc\GC_part1__once_hex_infile_2\Debug\link-cvtres.read.1.tlog
C:\makefile\sc\GC_part1__once_hex_infile_2\Debug\link-cvtres.write.1.tlog
C:\makefile\sc\GC_part1__once_hex_infile_2\Debug\link-rc.read.1.tlog
C:\makefile\sc\GC_part1__once_hex_infile_2\Debug\link-rc.write.1.tlog
C:\makefile\sc\GC_part1__once_hex_infile_2\Debug\link.command.1.tlog
C:\makefile\sc\GC_part1__once_hex_infile_2\Debug\link.read.1.tlog
C:\makefile\sc\GC_part1__once_hex_infile_2\Debug\link.write.1.tlog
C:\makefile\sc\GC_part1__once_hex_infile_2\Debug\vc110.idb
C:\makefile\sc\GC_part1__once_hex_infile_2\Debug\make_sc.pdb
C:\makefile\sc\GC_part1__once_hex_infile_2\Debug\vc110.pdb
C:\makefile\sc\GC_part1__once_hex_infile_2\Debug\make_sc.bsc
C:\makefile\sc\GC_part1__once_hex_infile_2\Debug\make_sc.sbr
C:\makefile\sc\GC_part1__once_hex_infile_2\.\Debug\make_sc.exe
